INFO 2025-04-08 14:02:55,077 autoreload 28731 8643279552 Watching for file changes with StatReloader
INFO 2025-04-08 14:03:45,622 basehttp 28731 6193065984 "GET / HTTP/1.1" 302 0
INFO 2025-04-08 14:03:45,637 basehttp 28731 6193065984 "GET /videos/ HTTP/1.1" 200 2384
INFO 2025-04-08 14:03:53,194 basehttp 28731 6193065984 "GET /videos/submit/ HTTP/1.1" 302 0
WARNING 2025-04-08 14:03:53,205 log 28731 6193065984 Not Found: /accounts/login/
WARNING 2025-04-08 14:03:53,206 basehttp 28731 6193065984 "GET /accounts/login/?next=/videos/submit/ HTTP/1.1" 404 2546
INFO 2025-04-08 14:04:24,700 basehttp 28731 6209892352 "GET / HTTP/1.1" 302 0
INFO 2025-04-08 14:04:24,705 basehttp 28731 6209892352 "GET /videos/ HTTP/1.1" 200 2384
WARNING 2025-04-08 14:04:24,803 log 28731 6209892352 Not Found: /favicon.ico
WARNING 2025-04-08 14:04:24,803 basehttp 28731 6209892352 "GET /favicon.ico HTTP/1.1" 404 2513
INFO 2025-04-08 14:04:39,308 basehttp 28731 6209892352 "GET /videos/submit/ HTTP/1.1" 302 0
WARNING 2025-04-08 14:04:39,314 log 28731 6209892352 Not Found: /accounts/login/
WARNING 2025-04-08 14:04:39,315 basehttp 28731 6209892352 "GET /accounts/login/?next=/videos/submit/ HTTP/1.1" 404 2546
INFO 2025-04-08 14:04:55,397 basehttp 28731 6209892352 "GET /videos/submit/ HTTP/1.1" 302 0
WARNING 2025-04-08 14:04:55,408 log 28731 6209892352 Not Found: /accounts/login/
WARNING 2025-04-08 14:04:55,409 basehttp 28731 6209892352 "GET /accounts/login/?next=/videos/submit/ HTTP/1.1" 404 2546
INFO 2025-04-08 14:07:12,334 autoreload 30118 8643279552 Watching for file changes with StatReloader
INFO 2025-04-08 14:07:58,271 basehttp 30118 6137655296 "GET / HTTP/1.1" 302 0
INFO 2025-04-08 14:07:58,288 basehttp 30118 6137655296 "GET /videos/ HTTP/1.1" 200 2384
INFO 2025-04-08 14:08:00,615 basehttp 30118 6137655296 "GET /videos/submit/ HTTP/1.1" 302 0
WARNING 2025-04-08 14:08:00,623 log 30118 6137655296 Not Found: /accounts/login/
WARNING 2025-04-08 14:08:00,624 basehttp 30118 6137655296 "GET /accounts/login/?next=/videos/submit/ HTTP/1.1" 404 2546
INFO 2025-04-08 14:08:17,308 basehttp 30118 6137655296 "GET /videos/submit/ HTTP/1.1" 302 0
WARNING 2025-04-08 14:08:17,317 log 30118 6137655296 Not Found: /accounts/login/
WARNING 2025-04-08 14:08:17,318 basehttp 30118 6137655296 "GET /accounts/login/?next=/videos/submit/ HTTP/1.1" 404 2546
INFO 2025-04-08 14:10:31,393 autoreload 30118 8643279552 /Users/muhozayekoye/myyoutube-processor/src/videos/views.py changed, reloading.
INFO 2025-04-08 14:10:31,616 autoreload 30837 8643279552 Watching for file changes with StatReloader
INFO 2025-04-08 14:12:56,463 autoreload 31524 8643279552 Watching for file changes with StatReloader
INFO 2025-04-08 14:14:00,756 autoreload 31974 8643279552 Watching for file changes with StatReloader
INFO 2025-04-08 14:14:34,163 basehttp 31974 6133411840 "GET / HTTP/1.1" 302 0
INFO 2025-04-08 14:14:34,177 basehttp 31974 6133411840 "GET /videos/ HTTP/1.1" 200 2384
WARNING 2025-04-08 14:14:34,272 log 31974 6133411840 Not Found: /favicon.ico
WARNING 2025-04-08 14:14:34,273 basehttp 31974 6133411840 "GET /favicon.ico HTTP/1.1" 404 2513
INFO 2025-04-08 14:14:35,994 basehttp 31974 6133411840 "GET /videos/submit/ HTTP/1.1" 200 4799
INFO 2025-04-08 14:29:25,666 autoreload 31974 8643279552 /Users/muhozayekoye/myyoutube-processor/src/videos/views.py changed, reloading.
INFO 2025-04-08 14:29:25,667 autoreload 30837 8643279552 /Users/muhozayekoye/myyoutube-processor/src/videos/views.py changed, reloading.
INFO 2025-04-08 14:29:25,983 autoreload 35169 8643279552 Watching for file changes with StatReloader
INFO 2025-04-08 14:29:25,983 autoreload 35170 8643279552 Watching for file changes with StatReloader
INFO 2025-04-08 14:31:23,844 tasks 35170 6215905280 Starting to process video 1
INFO 2025-04-08 14:31:23,846 basehttp 35170 6199078912 "POST /videos/submit/ HTTP/1.1" 302 0
INFO 2025-04-08 14:31:23,847 tasks 35170 6215905280 Processing video: hZGG5MzQ3Zw
INFO 2025-04-08 14:31:23,854 basehttp 35170 6199078912 "GET /videos/ HTTP/1.1" 200 3734
WARNING 2025-04-08 14:31:26,498 tasks 35170 6215905280 No transcript available for hZGG5MzQ3Zw
INFO 2025-04-08 14:31:54,301 basehttp 35170 6199078912 "GET /videos/1/ HTTP/1.1" 200 4104
INFO 2025-04-08 14:32:11,072 tasks 35170 6215905280 Starting to process video 1
INFO 2025-04-08 14:32:11,074 basehttp 35170 6199078912 "POST /videos/1/process/ HTTP/1.1" 302 0
INFO 2025-04-08 14:32:11,080 tasks 35170 6215905280 Processing video: hZGG5MzQ3Zw
INFO 2025-04-08 14:32:11,083 basehttp 35170 6199078912 "GET /videos/1/ HTTP/1.1" 200 4619
WARNING 2025-04-08 14:32:13,570 tasks 35170 6215905280 No transcript available for hZGG5MzQ3Zw
INFO 2025-04-08 14:32:15,602 basehttp 35170 6199078912 "GET /videos/ HTTP/1.1" 200 3757
WARNING 2025-04-08 14:32:15,632 log 35170 6199078912 Not Found: /favicon.ico
WARNING 2025-04-08 14:32:15,632 basehttp 35170 6199078912 "GET /favicon.ico HTTP/1.1" 404 2513
INFO 2025-04-08 14:32:15,632 basehttp 35170 6199078912 - Broken pipe from ('127.0.0.1', 58246)
INFO 2025-04-08 14:32:19,839 tasks 35170 6233305088 Starting to process video 1
INFO 2025-04-08 14:32:19,841 basehttp 35170 6199078912 "POST /videos/1/process/ HTTP/1.1" 302 0
INFO 2025-04-08 14:32:19,848 tasks 35170 6233305088 Processing video: hZGG5MzQ3Zw
INFO 2025-04-08 14:32:19,852 basehttp 35170 6199078912 "GET /videos/1/ HTTP/1.1" 200 4619
WARNING 2025-04-08 14:32:22,438 tasks 35170 6233305088 No transcript available for hZGG5MzQ3Zw
INFO 2025-04-08 14:32:25,236 basehttp 35170 6199078912 "GET /videos/1/status/ HTTP/1.1" 200 163
INFO 2025-04-08 14:32:25,261 basehttp 35170 6199078912 "GET /videos/1/ HTTP/1.1" 200 4105
INFO 2025-04-08 14:36:26,976 basehttp 35170 6199078912 "GET /videos/submit/ HTTP/1.1" 200 4799
ERROR 2025-04-08 14:36:33,013 views 35170 6199078912 Error processing video: UNIQUE constraint failed: videos_video.youtube_id
Traceback (most recent call last):
  File "/Users/muhozayekoye/myyoutube-processor/venv/lib/python3.13/site-packages/django/db/backends/utils.py", line 105, in _execute
    return self.cursor.execute(sql, params)
           ~~~~~~~~~~~~~~~~~~~^^^^^^^^^^^^^
  File "/Users/muhozayekoye/myyoutube-processor/venv/lib/python3.13/site-packages/django/db/backends/sqlite3/base.py", line 360, in execute
    return super().execute(query, params)
           ~~~~~~~~~~~~~~~^^^^^^^^^^^^^^^
sqlite3.IntegrityError: UNIQUE constraint failed: videos_video.youtube_id

The above exception was the direct cause of the following exception:

Traceback (most recent call last):
  File "/Users/muhozayekoye/myyoutube-processor/src/videos/views.py", line 60, in form_valid
    response = super().form_valid(form)
  File "/Users/muhozayekoye/myyoutube-processor/venv/lib/python3.13/site-packages/django/views/generic/edit.py", line 133, in form_valid
    self.object = form.save()
                  ~~~~~~~~~^^
  File "/Users/muhozayekoye/myyoutube-processor/venv/lib/python3.13/site-packages/django/forms/models.py", line 554, in save
    self.instance.save()
    ~~~~~~~~~~~~~~~~~~^^
  File "/Users/muhozayekoye/myyoutube-processor/src/videos/models.py", line 88, in save
    super().save(*args, **kwargs)
    ~~~~~~~~~~~~^^^^^^^^^^^^^^^^^
  File "/Users/muhozayekoye/myyoutube-processor/venv/lib/python3.13/site-packages/django/db/models/base.py", line 902, in save
    self.save_base(
    ~~~~~~~~~~~~~~^
        using=using,
        ^^^^^^^^^^^^
    ...<2 lines>...
        update_fields=update_fields,
        ^^^^^^^^^^^^^^^^^^^^^^^^^^^^
    )
    ^
  File "/Users/muhozayekoye/myyoutube-processor/venv/lib/python3.13/site-packages/django/db/models/base.py", line 1008, in save_base
    updated = self._save_table(
        raw,
    ...<4 lines>...
        update_fields,
    )
  File "/Users/muhozayekoye/myyoutube-processor/venv/lib/python3.13/site-packages/django/db/models/base.py", line 1169, in _save_table
    results = self._do_insert(
        cls._base_manager, using, fields, returning_fields, raw
    )
  File "/Users/muhozayekoye/myyoutube-processor/venv/lib/python3.13/site-packages/django/db/models/base.py", line 1210, in _do_insert
    return manager._insert(
           ~~~~~~~~~~~~~~~^
        [self],
        ^^^^^^^
    ...<3 lines>...
        raw=raw,
        ^^^^^^^^
    )
    ^
  File "/Users/muhozayekoye/myyoutube-processor/venv/lib/python3.13/site-packages/django/db/models/manager.py", line 87, in manager_method
    return getattr(self.get_queryset(), name)(*args, **kwargs)
           ~~~~~~~~~~~~~~~~~~~~~~~~~~~~~~~~~~^^^^^^^^^^^^^^^^^
  File "/Users/muhozayekoye/myyoutube-processor/venv/lib/python3.13/site-packages/django/db/models/query.py", line 1854, in _insert
    return query.get_compiler(using=using).execute_sql(returning_fields)
           ~~~~~~~~~~~~~~~~~~~~~~~~~~~~~~~~~~~~~~~~~~~^^^^^^^^^^^^^^^^^^
  File "/Users/muhozayekoye/myyoutube-processor/venv/lib/python3.13/site-packages/django/db/models/sql/compiler.py", line 1881, in execute_sql
    cursor.execute(sql, params)
    ~~~~~~~~~~~~~~^^^^^^^^^^^^^
  File "/Users/muhozayekoye/myyoutube-processor/venv/lib/python3.13/site-packages/django/db/backends/utils.py", line 122, in execute
    return super().execute(sql, params)
           ~~~~~~~~~~~~~~~^^^^^^^^^^^^^
  File "/Users/muhozayekoye/myyoutube-processor/venv/lib/python3.13/site-packages/django/db/backends/utils.py", line 79, in execute
    return self._execute_with_wrappers(
           ~~~~~~~~~~~~~~~~~~~~~~~~~~~^
        sql, params, many=False, executor=self._execute
        ^^^^^^^^^^^^^^^^^^^^^^^^^^^^^^^^^^^^^^^^^^^^^^^
    )
    ^
  File "/Users/muhozayekoye/myyoutube-processor/venv/lib/python3.13/site-packages/django/db/backends/utils.py", line 92, in _execute_with_wrappers
    return executor(sql, params, many, context)
  File "/Users/muhozayekoye/myyoutube-processor/venv/lib/python3.13/site-packages/django/db/backends/utils.py", line 100, in _execute
    with self.db.wrap_database_errors:
         ^^^^^^^^^^^^^^^^^^^^^^^^^^^^
  File "/Users/muhozayekoye/myyoutube-processor/venv/lib/python3.13/site-packages/django/db/utils.py", line 91, in __exit__
    raise dj_exc_value.with_traceback(traceback) from exc_value
  File "/Users/muhozayekoye/myyoutube-processor/venv/lib/python3.13/site-packages/django/db/backends/utils.py", line 105, in _execute
    return self.cursor.execute(sql, params)
           ~~~~~~~~~~~~~~~~~~~^^^^^^^^^^^^^
  File "/Users/muhozayekoye/myyoutube-processor/venv/lib/python3.13/site-packages/django/db/backends/sqlite3/base.py", line 360, in execute
    return super().execute(query, params)
           ~~~~~~~~~~~~~~~^^^^^^^^^^^^^^^
django.db.utils.IntegrityError: UNIQUE constraint failed: videos_video.youtube_id
INFO 2025-04-08 14:36:33,021 basehttp 35170 6199078912 "POST /videos/submit/ HTTP/1.1" 200 5061
INFO 2025-04-08 14:40:10,936 autoreload 35169 8643279552 /Users/muhozayekoye/myyoutube-processor/src/videos/views.py changed, reloading.
INFO 2025-04-08 14:40:10,937 autoreload 35170 8643279552 /Users/muhozayekoye/myyoutube-processor/src/videos/views.py changed, reloading.
INFO 2025-04-08 14:40:11,148 autoreload 37480 8643279552 Watching for file changes with StatReloader
INFO 2025-04-08 14:40:11,149 autoreload 37481 8643279552 Watching for file changes with StatReloader
INFO 2025-04-08 14:41:18,207 autoreload 37481 8643279552 /Users/muhozayekoye/myyoutube-processor/src/myyoutubeprocessor/utils/youtube_utils.py changed, reloading.
INFO 2025-04-08 14:41:18,208 autoreload 37480 8643279552 /Users/muhozayekoye/myyoutube-processor/src/myyoutubeprocessor/utils/youtube_utils.py changed, reloading.
INFO 2025-04-08 14:41:18,405 autoreload 37738 8643279552 Watching for file changes with StatReloader
INFO 2025-04-08 14:41:18,405 autoreload 37739 8643279552 Watching for file changes with StatReloader
INFO 2025-04-08 14:56:08,333 autoreload 37738 8643279552 /Users/muhozayekoye/myyoutube-processor/src/myyoutubeprocessor/utils/youtube_utils.py changed, reloading.
INFO 2025-04-08 14:56:08,620 autoreload 40912 8643279552 Watching for file changes with StatReloader
INFO 2025-04-08 15:02:44,511 autoreload 40912 8643279552 /Users/muhozayekoye/myyoutube-processor/src/myyoutubeprocessor/utils/youtube_utils.py changed, reloading.
INFO 2025-04-08 15:02:44,798 autoreload 42646 8643279552 Watching for file changes with StatReloader
INFO 2025-04-08 15:11:42,187 autoreload 42646 8643279552 /Users/muhozayekoye/myyoutube-processor/src/myyoutubeprocessor/utils/youtube_utils.py changed, reloading.
INFO 2025-04-08 15:11:42,468 autoreload 44859 8643279552 Watching for file changes with StatReloader
INFO 2025-04-08 15:12:44,457 autoreload 44859 8643279552 /Users/muhozayekoye/myyoutube-processor/src/myyoutubeprocessor/utils/youtube_utils.py changed, reloading.
INFO 2025-04-08 15:12:44,659 autoreload 45223 8643279552 Watching for file changes with StatReloader
INFO 2025-04-08 15:24:04,573 basehttp 45223 6134345728 "GET / HTTP/1.1" 302 0
INFO 2025-04-08 15:24:04,594 basehttp 45223 6134345728 "GET /videos/ HTTP/1.1" 200 3757
WARNING 2025-04-08 15:24:04,735 log 45223 6134345728 Not Found: /favicon.ico
WARNING 2025-04-08 15:24:04,736 basehttp 45223 6134345728 "GET /favicon.ico HTTP/1.1" 404 2513
INFO 2025-04-08 15:24:08,320 tasks 45223 6151172096 Starting to process video 1
INFO 2025-04-08 15:24:08,321 basehttp 45223 6134345728 "POST /videos/1/process/ HTTP/1.1" 302 0
INFO 2025-04-08 15:24:08,324 tasks 45223 6151172096 Processing video: hZGG5MzQ3Zw
INFO 2025-04-08 15:24:08,332 basehttp 45223 6134345728 "GET /videos/1/ HTTP/1.1" 200 4619
INFO 2025-04-08 15:24:11,003 tasks 45223 6151172096 Saved transcript for hZGG5MzQ3Zw (en, auto-generated: True)
INFO 2025-04-08 15:24:11,006 tasks 45223 6151172096 Successfully processed video hZGG5MzQ3Zw
INFO 2025-04-08 15:24:13,349 basehttp 45223 6134345728 "GET /videos/1/status/ HTTP/1.1" 200 130
INFO 2025-04-08 15:24:13,376 basehttp 45223 6134345728 "GET /videos/1/ HTTP/1.1" 200 26413
INFO 2025-04-08 15:24:59,605 basehttp 45223 6134345728 "GET /videos/ HTTP/1.1" 200 3386
INFO 2025-04-08 15:25:16,590 autoreload 45223 8643279552 /Users/muhozayekoye/myyoutube-processor/src/myyoutubeprocessor/utils/youtube_utils.py changed, reloading.
INFO 2025-04-08 15:25:16,905 autoreload 48654 8643279552 Watching for file changes with StatReloader
INFO 2025-04-08 16:01:27,250 autoreload 58469 8643279552 Watching for file changes with StatReloader
INFO 2025-04-08 16:01:57,380 basehttp 58469 6134788096 "GET /videos/ HTTP/1.1" 200 3386
INFO 2025-04-08 16:02:00,902 basehttp 58469 6168440832 "GET / HTTP/1.1" 302 0
INFO 2025-04-08 16:02:00,910 basehttp 58469 6168440832 "GET /videos/ HTTP/1.1" 200 3386
INFO 2025-04-08 16:02:06,472 basehttp 58469 6168440832 "GET /videos/submit/ HTTP/1.1" 200 4799
INFO 2025-04-08 16:03:54,849 tasks 58469 6151614464 Starting to process video 2
INFO 2025-04-08 16:03:54,850 basehttp 58469 6134788096 "POST /videos/submit/ HTTP/1.1" 302 0
INFO 2025-04-08 16:03:54,851 tasks 58469 6151614464 Processing video: Z-DoGQdlEPY
INFO 2025-04-08 16:03:54,857 basehttp 58469 6134788096 "GET /videos/ HTTP/1.1" 200 4471
INFO 2025-04-08 16:03:57,634 tasks 58469 6151614464 Saved transcript for Z-DoGQdlEPY (en, auto-generated: True)
INFO 2025-04-08 16:03:57,636 tasks 58469 6151614464 Successfully processed video Z-DoGQdlEPY
INFO 2025-04-08 16:04:36,135 basehttp 58469 6134788096 "GET /videos/ HTTP/1.1" 200 4123
INFO 2025-04-08 16:04:46,330 basehttp 58469 6134788096 "GET /videos/2/ HTTP/1.1" 200 114858
INFO 2025-04-08 16:11:10,900 basehttp 58469 6151614464 "GET /videos/submit/ HTTP/1.1" 200 4799
INFO 2025-04-08 16:11:19,263 basehttp 58469 6151614464 "POST /videos/submit/ HTTP/1.1" 200 4894
INFO 2025-04-08 16:13:39,183 tasks 58469 6185840640 Starting to process video 3
INFO 2025-04-08 16:13:39,185 basehttp 58469 6169014272 "POST /videos/submit/ HTTP/1.1" 302 0
INFO 2025-04-08 16:13:39,188 tasks 58469 6185840640 Processing video: adgUC8ISlqc
INFO 2025-04-08 16:13:39,195 basehttp 58469 6169014272 "GET /videos/ HTTP/1.1" 200 5208
WARNING 2025-04-08 16:13:42,156 tasks 58469 6185840640 No transcript available for adgUC8ISlqc
INFO 2025-04-08 16:13:56,935 basehttp 58469 6169014272 "GET /videos/ HTTP/1.1" 200 5231
INFO 2025-04-08 16:13:59,716 basehttp 58469 6169014272 "GET /videos/ HTTP/1.1" 200 5231
INFO 2025-04-08 16:14:01,974 tasks 58469 6134788096 Starting to process video 3
INFO 2025-04-08 16:14:01,976 basehttp 58469 6169014272 "POST /videos/3/process/ HTTP/1.1" 302 0
INFO 2025-04-08 16:14:01,980 tasks 58469 6134788096 Processing video: adgUC8ISlqc
INFO 2025-04-08 16:14:01,987 basehttp 58469 6169014272 "GET /videos/3/ HTTP/1.1" 200 4619
WARNING 2025-04-08 16:14:04,593 tasks 58469 6134788096 No transcript available for adgUC8ISlqc
INFO 2025-04-08 16:14:07,008 basehttp 58469 6169014272 "GET /videos/3/status/ HTTP/1.1" 200 163
INFO 2025-04-08 16:14:07,029 basehttp 58469 6169014272 "GET /videos/3/ HTTP/1.1" 200 4105
INFO 2025-04-08 16:15:23,782 basehttp 58469 6151614464 "GET /videos/ HTTP/1.1" 200 5231
INFO 2025-04-08 16:15:28,245 basehttp 58469 6151614464 "GET /videos/submit/ HTTP/1.1" 200 4799
INFO 2025-04-08 16:15:54,122 tasks 58469 6169014272 Starting to process video 4
INFO 2025-04-08 16:15:54,124 basehttp 58469 6151614464 "POST /videos/submit/ HTTP/1.1" 302 0
INFO 2025-04-08 16:15:54,128 tasks 58469 6169014272 Processing video: dlWIZVBT0Tc
INFO 2025-04-08 16:15:54,133 basehttp 58469 6151614464 "GET /videos/ HTTP/1.1" 200 6316
INFO 2025-04-08 16:15:56,732 tasks 58469 6169014272 Saved transcript for dlWIZVBT0Tc (en, auto-generated: True)
INFO 2025-04-08 16:15:56,733 tasks 58469 6169014272 Successfully processed video dlWIZVBT0Tc
INFO 2025-04-08 16:17:06,940 basehttp 58469 6134788096 "GET /videos/ HTTP/1.1" 200 5968
INFO 2025-04-08 16:17:12,578 basehttp 58469 6134788096 "GET /videos/4/ HTTP/1.1" 200 52173
INFO 2025-04-08 16:17:48,597 basehttp 58469 6134788096 "GET /videos/1/ HTTP/1.1" 200 26413
INFO 2025-04-08 16:43:42,183 autoreload 68760 8643279552 Watching for file changes with StatReloader
INFO 2025-04-08 16:44:04,074 basehttp 68760 6160838656 "GET / HTTP/1.1" 302 0
INFO 2025-04-08 16:44:04,092 basehttp 68760 6160838656 "GET /videos/ HTTP/1.1" 200 5968
INFO 2025-04-08 16:44:09,621 basehttp 68760 6160838656 "GET /videos/ HTTP/1.1" 200 5968
INFO 2025-04-08 16:44:15,291 basehttp 68760 6160838656 "GET /videos/1/ HTTP/1.1" 200 51142
INFO 2025-04-08 16:44:35,617 basehttp 68760 6160838656 "GET /videos/ HTTP/1.1" 200 5968
INFO 2025-04-08 16:45:13,410 basehttp 68760 6160838656 "GET /videos/1/ HTTP/1.1" 200 51142
INFO 2025-04-08 16:45:21,141 basehttp 68760 6160838656 "GET /videos/ HTTP/1.1" 200 5968
INFO 2025-04-08 16:46:23,861 basehttp 68760 6325039104 "GET /videos/submit/ HTTP/1.1" 200 4799
WARNING 2025-04-08 16:46:23,886 log 68760 6160838656 Not Found: /apple-touch-icon-precomposed.png
WARNING 2025-04-08 16:46:23,886 basehttp 68760 6160838656 "GET /apple-touch-icon-precomposed.png HTTP/1.1" 404 2576
WARNING 2025-04-08 16:46:23,888 log 68760 6160838656 Not Found: /apple-touch-icon.png
WARNING 2025-04-08 16:46:23,889 basehttp 68760 6160838656 "GET /apple-touch-icon.png HTTP/1.1" 404 2540
INFO 2025-04-08 16:46:31,684 tasks 68760 6341865472 Starting to process video 5
INFO 2025-04-08 16:46:31,685 basehttp 68760 6325039104 "POST /videos/submit/ HTTP/1.1" 302 0
INFO 2025-04-08 16:46:31,687 tasks 68760 6341865472 Processing video: Bdb35NoCeUU
INFO 2025-04-08 16:46:31,693 basehttp 68760 6325039104 "GET /videos/ HTTP/1.1" 200 7053
ERROR 2025-04-08 16:46:34,538 tasks 68760 6341865472 Error processing video 5: Object of type FetchedTranscript is not JSON serializable
Traceback (most recent call last):
  File "/Users/muhozayekoye/myyoutube-processor/venv/lib/python3.13/site-packages/django/db/models/query.py", line 946, in get_or_create
    return self.get(**kwargs), False
           ~~~~~~~~^^^^^^^^^^
  File "/Users/muhozayekoye/myyoutube-processor/venv/lib/python3.13/site-packages/django/db/models/query.py", line 633, in get
    raise self.model.DoesNotExist(
        "%s matching query does not exist." % self.model._meta.object_name
    )
videos.models.Transcript.DoesNotExist: Transcript matching query does not exist.

During handling of the above exception, another exception occurred:

Traceback (most recent call last):
  File "/Users/muhozayekoye/myyoutube-processor/src/videos/tasks.py", line 52, in process_video
    transcript, created = Transcript.objects.update_or_create(
                          ~~~~~~~~~~~~~~~~~~~~~~~~~~~~~~~~~~~^
        video=video,
        ^^^^^^^^^^^^
    ...<5 lines>...
        }
        ^
    )
    ^
  File "/Users/muhozayekoye/myyoutube-processor/venv/lib/python3.13/site-packages/django/db/models/manager.py", line 87, in manager_method
    return getattr(self.get_queryset(), name)(*args, **kwargs)
           ~~~~~~~~~~~~~~~~~~~~~~~~~~~~~~~~~~^^^^^^^^^^^^^^^^^
  File "/Users/muhozayekoye/myyoutube-processor/venv/lib/python3.13/site-packages/django/db/models/query.py", line 988, in update_or_create
    obj, created = self.select_for_update().get_or_create(
                   ~~~~~~~~~~~~~~~~~~~~~~~~~~~~~~~~~~~~~~^
        create_defaults, **kwargs
        ^^^^^^^^^^^^^^^^^^^^^^^^^
    )
    ^
  File "/Users/muhozayekoye/myyoutube-processor/venv/lib/python3.13/site-packages/django/db/models/query.py", line 953, in get_or_create
    return self.create(**params), True
           ~~~~~~~~~~~^^^^^^^^^^
  File "/Users/muhozayekoye/myyoutube-processor/venv/lib/python3.13/site-packages/django/db/models/query.py", line 663, in create
    obj.save(force_insert=True, using=self.db)
    ~~~~~~~~^^^^^^^^^^^^^^^^^^^^^^^^^^^^^^^^^^
  File "/Users/muhozayekoye/myyoutube-processor/venv/lib/python3.13/site-packages/django/db/models/base.py", line 902, in save
    self.save_base(
    ~~~~~~~~~~~~~~^
        using=using,
        ^^^^^^^^^^^^
    ...<2 lines>...
        update_fields=update_fields,
        ^^^^^^^^^^^^^^^^^^^^^^^^^^^^
    )
    ^
  File "/Users/muhozayekoye/myyoutube-processor/venv/lib/python3.13/site-packages/django/db/models/base.py", line 1008, in save_base
    updated = self._save_table(
        raw,
    ...<4 lines>...
        update_fields,
    )
  File "/Users/muhozayekoye/myyoutube-processor/venv/lib/python3.13/site-packages/django/db/models/base.py", line 1169, in _save_table
    results = self._do_insert(
        cls._base_manager, using, fields, returning_fields, raw
    )
  File "/Users/muhozayekoye/myyoutube-processor/venv/lib/python3.13/site-packages/django/db/models/base.py", line 1210, in _do_insert
    return manager._insert(
           ~~~~~~~~~~~~~~~^
        [self],
        ^^^^^^^
    ...<3 lines>...
        raw=raw,
        ^^^^^^^^
    )
    ^
  File "/Users/muhozayekoye/myyoutube-processor/venv/lib/python3.13/site-packages/django/db/models/manager.py", line 87, in manager_method
    return getattr(self.get_queryset(), name)(*args, **kwargs)
           ~~~~~~~~~~~~~~~~~~~~~~~~~~~~~~~~~~^^^^^^^^^^^^^^^^^
  File "/Users/muhozayekoye/myyoutube-processor/venv/lib/python3.13/site-packages/django/db/models/query.py", line 1854, in _insert
    return query.get_compiler(using=using).execute_sql(returning_fields)
           ~~~~~~~~~~~~~~~~~~~~~~~~~~~~~~~~~~~~~~~~~~~^^^^^^^^^^^^^^^^^^
  File "/Users/muhozayekoye/myyoutube-processor/venv/lib/python3.13/site-packages/django/db/models/sql/compiler.py", line 1880, in execute_sql
    for sql, params in self.as_sql():
                       ~~~~~~~~~~~^^
  File "/Users/muhozayekoye/myyoutube-processor/venv/lib/python3.13/site-packages/django/db/models/sql/compiler.py", line 1805, in as_sql
    self.prepare_value(field, self.pre_save_val(field, obj))
    ~~~~~~~~~~~~~~~~~~^^^^^^^^^^^^^^^^^^^^^^^^^^^^^^^^^^^^^^
  File "/Users/muhozayekoye/myyoutube-processor/venv/lib/python3.13/site-packages/django/db/models/sql/compiler.py", line 1740, in prepare_value
    return field.get_db_prep_save(value, connection=self.connection)
           ~~~~~~~~~~~~~~~~~~~~~~^^^^^^^^^^^^^^^^^^^^^^^^^^^^^^^^^^^
  File "/Users/muhozayekoye/myyoutube-processor/venv/lib/python3.13/site-packages/django/db/models/fields/json.py", line 118, in get_db_prep_save
    return super().get_db_prep_save(value, connection)
           ~~~~~~~~~~~~~~~~~~~~~~~~^^^^^^^^^^^^^^^^^^^
  File "/Users/muhozayekoye/myyoutube-processor/venv/lib/python3.13/site-packages/django/db/models/fields/__init__.py", line 1012, in get_db_prep_save
    return self.get_db_prep_value(value, connection=connection, prepared=False)
           ~~~~~~~~~~~~~~~~~~~~~~^^^^^^^^^^^^^^^^^^^^^^^^^^^^^^^^^^^^^^^^^^^^^^
  File "/Users/muhozayekoye/myyoutube-processor/venv/lib/python3.13/site-packages/django/db/models/fields/json.py", line 102, in get_db_prep_value
    return connection.ops.adapt_json_value(value, self.encoder)
           ~~~~~~~~~~~~~~~~~~~~~~~~~~~~~~~^^^^^^^^^^^^^^^^^^^^^
  File "/Users/muhozayekoye/myyoutube-processor/venv/lib/python3.13/site-packages/django/db/backends/base/operations.py", line 598, in adapt_json_value
    return json.dumps(value, cls=encoder)
           ~~~~~~~~~~^^^^^^^^^^^^^^^^^^^^
  File "/opt/homebrew/Cellar/python@3.13/3.13.2/Frameworks/Python.framework/Versions/3.13/lib/python3.13/json/__init__.py", line 231, in dumps
    return _default_encoder.encode(obj)
           ~~~~~~~~~~~~~~~~~~~~~~~^^^^^
  File "/opt/homebrew/Cellar/python@3.13/3.13.2/Frameworks/Python.framework/Versions/3.13/lib/python3.13/json/encoder.py", line 200, in encode
    chunks = self.iterencode(o, _one_shot=True)
  File "/opt/homebrew/Cellar/python@3.13/3.13.2/Frameworks/Python.framework/Versions/3.13/lib/python3.13/json/encoder.py", line 261, in iterencode
    return _iterencode(o, 0)
  File "/opt/homebrew/Cellar/python@3.13/3.13.2/Frameworks/Python.framework/Versions/3.13/lib/python3.13/json/encoder.py", line 180, in default
    raise TypeError(f'Object of type {o.__class__.__name__} '
                    f'is not JSON serializable')
TypeError: Object of type FetchedTranscript is not JSON serializable
INFO 2025-04-08 16:46:55,907 basehttp 68760 6325039104 "GET /videos/ HTTP/1.1" 200 7076
INFO 2025-04-08 16:47:02,927 basehttp 68760 6325039104 "GET /videos/5/ HTTP/1.1" 200 4122
INFO 2025-04-08 16:54:45,781 autoreload 71456 8643279552 Watching for file changes with StatReloader
INFO 2025-04-08 16:55:02,220 basehttp 71456 6126333952 "GET / HTTP/1.1" 302 0
INFO 2025-04-08 16:55:02,237 basehttp 71456 6126333952 "GET /videos/ HTTP/1.1" 200 8231
INFO 2025-04-08 16:55:12,732 tasks 71456 6143160320 Starting to process video 5
INFO 2025-04-08 16:55:12,734 basehttp 71456 6126333952 "POST /videos/5/process/ HTTP/1.1" 302 0
INFO 2025-04-08 16:55:12,736 tasks 71456 6143160320 Processing video: Bdb35NoCeUU
INFO 2025-04-08 16:55:12,744 basehttp 71456 6126333952 "GET /videos/5/ HTTP/1.1" 200 4619
INFO 2025-04-08 16:55:15,629 tasks 71456 6143160320 Saved transcript for Bdb35NoCeUU (en, auto-generated: False)
INFO 2025-04-08 16:55:15,630 tasks 71456 6143160320 Successfully processed video Bdb35NoCeUU
INFO 2025-04-08 16:55:17,761 basehttp 71456 6126333952 "GET /videos/5/status/ HTTP/1.1" 200 128
INFO 2025-04-08 16:55:17,811 basehttp 71456 6126333952 "GET /videos/5/ HTTP/1.1" 200 661604
INFO 2025-04-08 16:55:55,166 tasks 71456 6143160320 Starting to process video 3
INFO 2025-04-08 16:55:55,168 basehttp 71456 6126333952 "POST /videos/3/process/ HTTP/1.1" 302 0
INFO 2025-04-08 16:55:55,171 tasks 71456 6143160320 Processing video: adgUC8ISlqc
INFO 2025-04-08 16:55:55,178 basehttp 71456 6126333952 "GET /videos/3/ HTTP/1.1" 200 4619
INFO 2025-04-08 16:55:57,917 tasks 71456 6143160320 Saved transcript for adgUC8ISlqc (, auto-generated: False)
INFO 2025-04-08 16:55:57,918 tasks 71456 6143160320 Successfully processed video adgUC8ISlqc
INFO 2025-04-08 16:56:00,201 basehttp 71456 6126333952 "GET /videos/3/status/ HTTP/1.1" 200 130
INFO 2025-04-08 16:56:00,221 basehttp 71456 6126333952 "GET /videos/3/ HTTP/1.1" 200 7407
INFO 2025-04-08 16:56:10,231 basehttp 71456 6126333952 "GET /videos/ HTTP/1.1" 200 8259
INFO 2025-04-08 16:56:17,302 tasks 71456 6160560128 Starting to process video 3
INFO 2025-04-08 16:56:17,304 basehttp 71456 6126333952 "POST /videos/3/process/ HTTP/1.1" 302 0
INFO 2025-04-08 16:56:17,307 tasks 71456 6160560128 Processing video: adgUC8ISlqc
INFO 2025-04-08 16:56:17,313 basehttp 71456 6126333952 "GET /videos/3/ HTTP/1.1" 200 8064
INFO 2025-04-08 16:56:20,235 tasks 71456 6160560128 Saved transcript for adgUC8ISlqc (, auto-generated: False)
INFO 2025-04-08 16:56:20,237 tasks 71456 6160560128 Successfully processed video adgUC8ISlqc
INFO 2025-04-08 16:56:22,131 basehttp 71456 6126333952 "GET /videos/ HTTP/1.1" 200 8259
INFO 2025-04-08 16:56:25,698 tasks 71456 13304360960 Starting to process video 1
INFO 2025-04-08 16:56:25,701 basehttp 71456 6126333952 "POST /videos/1/process/ HTTP/1.1" 302 0
INFO 2025-04-08 16:56:25,704 tasks 71456 13304360960 Processing video: hZGG5MzQ3Zw
INFO 2025-04-08 16:56:25,711 basehttp 71456 6126333952 "GET /videos/1/ HTTP/1.1" 200 52143
INFO 2025-04-08 16:56:28,361 tasks 71456 13304360960 Saved transcript for hZGG5MzQ3Zw (en, auto-generated: True)
INFO 2025-04-08 16:56:28,362 tasks 71456 13304360960 Successfully processed video hZGG5MzQ3Zw
INFO 2025-04-08 16:56:30,732 basehttp 71456 6126333952 "GET /videos/1/status/ HTTP/1.1" 200 130
INFO 2025-04-08 16:56:30,786 basehttp 71456 6126333952 "GET /videos/1/ HTTP/1.1" 200 659286
INFO 2025-04-08 17:03:30,478 autoreload 73609 8643279552 Watching for file changes with StatReloader
INFO 2025-04-08 17:03:48,130 basehttp 73609 6161149952 "GET / HTTP/1.1" 302 0
INFO 2025-04-08 17:03:48,144 basehttp 73609 6161149952 "GET /videos/ HTTP/1.1" 200 8259
INFO 2025-04-08 17:03:55,353 tasks 73609 6177976320 Starting to process video 5
INFO 2025-04-08 17:03:55,354 basehttp 73609 6161149952 "POST /videos/5/process/ HTTP/1.1" 302 0
INFO 2025-04-08 17:03:55,357 tasks 73609 6177976320 Processing video: Bdb35NoCeUU
INFO 2025-04-08 17:03:55,370 basehttp 73609 6161149952 "GET /videos/5/ HTTP/1.1" 200 171021
INFO 2025-04-08 17:03:58,089 tasks 73609 6177976320 Saved transcript for Bdb35NoCeUU (en, auto-generated: False)
INFO 2025-04-08 17:03:58,089 tasks 73609 6177976320 Successfully processed video Bdb35NoCeUU
INFO 2025-04-08 17:04:00,400 basehttp 73609 6161149952 "GET /videos/5/status/ HTTP/1.1" 200 130
INFO 2025-04-08 17:04:00,431 basehttp 73609 6161149952 "GET /videos/5/ HTTP/1.1" 200 170364
INFO 2025-04-08 17:04:23,652 tasks 73609 6177976320 Starting to process video 4
INFO 2025-04-08 17:04:23,654 basehttp 73609 6161149952 "POST /videos/4/process/ HTTP/1.1" 302 0
INFO 2025-04-08 17:04:23,658 tasks 73609 6177976320 Processing video: dlWIZVBT0Tc
INFO 2025-04-08 17:04:23,667 basehttp 73609 6161149952 "GET /videos/4/ HTTP/1.1" 200 103669
INFO 2025-04-08 17:04:26,389 tasks 73609 6177976320 Saved transcript for dlWIZVBT0Tc (en, auto-generated: True)
INFO 2025-04-08 17:04:26,391 tasks 73609 6177976320 Successfully processed video dlWIZVBT0Tc
INFO 2025-04-08 17:04:28,682 basehttp 73609 6161149952 "GET /videos/4/status/ HTTP/1.1" 200 130
INFO 2025-04-08 17:04:28,698 basehttp 73609 6161149952 "GET /videos/4/ HTTP/1.1" 200 296393
INFO 2025-04-08 17:04:47,873 tasks 73609 6177976320 Starting to process video 3
INFO 2025-04-08 17:04:47,875 basehttp 73609 6161149952 "POST /videos/3/process/ HTTP/1.1" 302 0
INFO 2025-04-08 17:04:47,879 tasks 73609 6177976320 Processing video: adgUC8ISlqc
INFO 2025-04-08 17:04:47,885 basehttp 73609 6161149952 "GET /videos/3/ HTTP/1.1" 200 8064
INFO 2025-04-08 17:04:50,586 tasks 73609 6177976320 Saved transcript for adgUC8ISlqc (, auto-generated: False)
INFO 2025-04-08 17:04:50,587 tasks 73609 6177976320 Successfully processed video adgUC8ISlqc
INFO 2025-04-08 17:04:52,905 basehttp 73609 6161149952 "GET /videos/3/status/ HTTP/1.1" 200 130
INFO 2025-04-08 17:04:52,928 basehttp 73609 6161149952 "GET /videos/3/ HTTP/1.1" 200 7407
INFO 2025-04-08 17:04:58,094 tasks 73609 6299873280 Starting to process video 2
INFO 2025-04-08 17:04:58,096 basehttp 73609 6161149952 "POST /videos/2/process/ HTTP/1.1" 302 0
INFO 2025-04-08 17:04:58,099 tasks 73609 6299873280 Processing video: Z-DoGQdlEPY
INFO 2025-04-08 17:04:58,111 basehttp 73609 6161149952 "GET /videos/2/ HTTP/1.1" 200 229039
INFO 2025-04-08 17:05:00,914 tasks 73609 6299873280 Saved transcript for Z-DoGQdlEPY (en, auto-generated: True)
INFO 2025-04-08 17:05:00,915 tasks 73609 6299873280 Successfully processed video Z-DoGQdlEPY
INFO 2025-04-08 17:05:03,133 basehttp 73609 6161149952 "GET /videos/2/status/ HTTP/1.1" 200 130
INFO 2025-04-08 17:05:03,175 basehttp 73609 6161149952 "GET /videos/2/ HTTP/1.1" 200 666908
INFO 2025-04-08 17:05:19,675 tasks 73609 6177976320 Starting to process video 1
INFO 2025-04-08 17:05:19,677 basehttp 73609 6161149952 "POST /videos/1/process/ HTTP/1.1" 302 0
INFO 2025-04-08 17:05:19,681 tasks 73609 6177976320 Processing video: hZGG5MzQ3Zw
INFO 2025-04-08 17:05:19,693 basehttp 73609 6161149952 "GET /videos/1/ HTTP/1.1" 200 146524
INFO 2025-04-08 17:05:22,335 tasks 73609 6177976320 Saved transcript for hZGG5MzQ3Zw (en, auto-generated: True)
INFO 2025-04-08 17:05:22,336 tasks 73609 6177976320 Successfully processed video hZGG5MzQ3Zw
INFO 2025-04-08 17:05:24,711 basehttp 73609 6161149952 "GET /videos/1/status/ HTTP/1.1" 200 130
INFO 2025-04-08 17:05:24,730 basehttp 73609 6161149952 "GET /videos/1/ HTTP/1.1" 200 145867
INFO 2025-04-08 17:06:50,030 basehttp 73609 6161149952 "GET /videos/ HTTP/1.1" 200 8259
INFO 2025-04-08 17:40:14,616 autoreload 82020 8643279552 Watching for file changes with StatReloader
INFO 2025-04-08 17:41:44,740 basehttp 82020 6165606400 "GET / HTTP/1.1" 302 0
INFO 2025-04-08 17:41:44,762 basehttp 82020 6165606400 "GET /videos/ HTTP/1.1" 200 8259
INFO 2025-04-08 17:41:48,053 basehttp 82020 6165606400 "GET /videos/5/ HTTP/1.1" 200 170364
INFO 2025-04-08 17:42:23,413 basehttp 82020 6165606400 "GET /videos/ HTTP/1.1" 200 8259
INFO 2025-04-08 17:42:25,426 basehttp 82020 6165606400 "GET /videos/1/ HTTP/1.1" 200 145867
INFO 2025-04-08 17:46:51,531 autoreload 83747 8643279552 Watching for file changes with StatReloader
INFO 2025-04-08 18:05:59,281 autoreload 89467 8643279552 Watching for file changes with StatReloader
INFO 2025-04-08 18:06:15,915 basehttp 89467 6161969152 "GET / HTTP/1.1" 302 0
INFO 2025-04-08 18:06:15,933 basehttp 89467 6161969152 "GET /videos/ HTTP/1.1" 200 8259
INFO 2025-04-08 18:06:21,384 basehttp 89467 6161969152 "GET /videos/5/ HTTP/1.1" 200 170364
INFO 2025-04-08 20:01:52,206 autoreload 15182 8643279552 Watching for file changes with StatReloader
INFO 2025-04-08 20:02:05,049 basehttp 15182 6163263488 "GET / HTTP/1.1" 302 0
INFO 2025-04-08 20:02:05,066 basehttp 15182 6163263488 "GET /videos/ HTTP/1.1" 200 8259
INFO 2025-04-08 20:02:07,899 basehttp 15182 6163263488 "GET /videos/5/ HTTP/1.1" 200 170364
INFO 2025-04-08 20:02:13,646 basehttp 15182 6163263488 "GET /videos/4/ HTTP/1.1" 200 296393
INFO 2025-04-08 22:11:43,164 autoreload 45274 8643279552 Watching for file changes with StatReloader
INFO 2025-04-08 22:12:13,399 basehttp 45274 6164754432 "GET /videos/ HTTP/1.1" 200 8259
INFO 2025-04-08 22:15:46,656 tasks 45274 6181580800 Starting to process video 1
INFO 2025-04-08 22:15:46,657 basehttp 45274 6164754432 "POST /videos/1/process/ HTTP/1.1" 302 0
INFO 2025-04-08 22:15:46,659 tasks 45274 6181580800 Processing video: hZGG5MzQ3Zw
INFO 2025-04-08 22:15:46,673 basehttp 45274 6164754432 "GET /videos/1/ HTTP/1.1" 200 147812
INFO 2025-04-08 22:15:49,172 tasks 45274 6181580800 Generating summary for transcript of hZGG5MzQ3Zw
INFO 2025-04-08 22:15:51,693 basehttp 45274 6164754432 "GET /videos/1/status/ HTTP/1.1" 200 125
INFO 2025-04-08 22:15:56,703 basehttp 45274 6164754432 "GET /videos/1/status/ HTTP/1.1" 200 125
INFO 2025-04-08 22:15:57,660 basehttp 45274 6164754432 "POST /videos/1/generate-summary/ HTTP/1.1" 302 0
INFO 2025-04-08 22:15:57,661 tasks 45274 6198407168 Generating summary for transcript 1
INFO 2025-04-08 22:15:57,674 basehttp 45274 6164754432 "GET /videos/1/ HTTP/1.1" 200 147843
INFO 2025-04-08 22:16:02,689 basehttp 45274 6164754432 "GET /videos/1/status/ HTTP/1.1" 200 125
INFO 2025-04-08 22:16:07,698 basehttp 45274 6164754432 "GET /videos/1/status/ HTTP/1.1" 200 125
INFO 2025-04-08 22:16:12,708 basehttp 45274 6164754432 "GET /videos/1/status/ HTTP/1.1" 200 125
INFO 2025-04-08 22:16:17,715 basehttp 45274 6164754432 "GET /videos/1/status/ HTTP/1.1" 200 125
INFO 2025-04-08 22:16:22,721 basehttp 45274 6164754432 "GET /videos/1/status/ HTTP/1.1" 200 125
INFO 2025-04-08 22:16:23,171 tasks 45274 6198407168 Summary generated for transcript 1
INFO 2025-04-08 22:16:24,354 tasks 45274 6181580800 Summary generated for hZGG5MzQ3Zw
INFO 2025-04-08 22:16:24,354 tasks 45274 6181580800 Saved transcript for hZGG5MzQ3Zw (en, auto-generated: True)
INFO 2025-04-08 22:16:24,357 tasks 45274 6181580800 Successfully processed video hZGG5MzQ3Zw
INFO 2025-04-08 22:16:27,728 basehttp 45274 6164754432 "GET /videos/1/status/ HTTP/1.1" 200 131
INFO 2025-04-08 22:16:27,750 basehttp 45274 6164754432 "GET /videos/1/ HTTP/1.1" 200 147722
INFO 2025-04-08 22:17:10,679 tasks 45274 6181580800 Starting to process video 1
INFO 2025-04-08 22:17:10,680 basehttp 45274 6164754432 "POST /videos/1/process/ HTTP/1.1" 302 0
INFO 2025-04-08 22:17:10,685 tasks 45274 6181580800 Processing video: hZGG5MzQ3Zw
INFO 2025-04-08 22:17:10,693 basehttp 45274 6164754432 "GET /videos/1/ HTTP/1.1" 200 148378
INFO 2025-04-08 22:17:13,347 tasks 45274 6181580800 Generating summary for transcript of hZGG5MzQ3Zw
INFO 2025-04-08 22:17:15,716 basehttp 45274 6164754432 "GET /videos/1/status/ HTTP/1.1" 200 125
INFO 2025-04-08 22:17:20,723 basehttp 45274 6164754432 "GET /videos/1/status/ HTTP/1.1" 200 125
INFO 2025-04-08 22:17:20,958 tasks 45274 6181580800 Summary generated for hZGG5MzQ3Zw
INFO 2025-04-08 22:17:20,958 tasks 45274 6181580800 Saved transcript for hZGG5MzQ3Zw (en, auto-generated: True)
INFO 2025-04-08 22:17:20,961 tasks 45274 6181580800 Successfully processed video hZGG5MzQ3Zw
INFO 2025-04-08 22:17:25,735 basehttp 45274 6164754432 "GET /videos/1/status/ HTTP/1.1" 200 131
INFO 2025-04-08 22:17:25,765 basehttp 45274 6164754432 "GET /videos/1/ HTTP/1.1" 200 147688
INFO 2025-04-08 22:17:52,312 basehttp 45274 6164754432 "GET /videos/ HTTP/1.1" 200 8259
INFO 2025-04-08 22:18:02,948 basehttp 45274 6164754432 "GET /videos/5/ HTTP/1.1" 200 171652
INFO 2025-04-08 22:18:21,827 basehttp 45274 6164754432 "POST /videos/5/generate-summary/ HTTP/1.1" 302 0
INFO 2025-04-08 22:18:21,828 tasks 45274 6181580800 Generating summary for transcript 4
INFO 2025-04-08 22:18:21,848 basehttp 45274 6164754432 "GET /videos/5/ HTTP/1.1" 200 172015
INFO 2025-04-08 22:18:39,378 tasks 45274 6181580800 Summary generated for transcript 4
INFO 2025-04-08 22:18:54,812 basehttp 45274 6164754432 "GET /videos/5/ HTTP/1.1" 200 172555
INFO 2025-04-08 22:19:08,577 basehttp 45274 6164754432 "GET /videos/ HTTP/1.1" 200 8259
INFO 2025-04-08 22:19:12,041 basehttp 45274 6164754432 "GET /videos/1/ HTTP/1.1" 200 147688
INFO 2025-04-08 22:19:49,353 basehttp 45274 6164754432 "GET /videos/ HTTP/1.1" 200 8259
INFO 2025-04-08 22:19:52,848 basehttp 45274 6164754432 "GET /videos/2/ HTTP/1.1" 200 668196
INFO 2025-04-08 22:19:59,455 basehttp 45274 6164754432 "POST /videos/2/generate-summary/ HTTP/1.1" 302 0
INFO 2025-04-08 22:19:59,456 tasks 45274 6181580800 Generating summary for transcript 2
INFO 2025-04-08 22:19:59,486 basehttp 45274 6164754432 "GET /videos/2/ HTTP/1.1" 200 668559
INFO 2025-04-08 22:20:11,711 tasks 45274 6181580800 Summary generated for transcript 2
INFO 2025-04-08 22:20:16,977 autoreload 45274 8643279552 /Users/muhozayekoye/myyoutube-processor/src/videos/tasks.py changed, reloading.
INFO 2025-04-08 22:20:17,434 autoreload 47253 8643279552 Watching for file changes with StatReloader
INFO 2025-04-08 22:20:30,057 basehttp 47253 6172438528 "POST /videos/2/generate-summary/ HTTP/1.1" 302 0
INFO 2025-04-08 22:20:30,058 tasks 47253 12901707776 Generating summary for transcript 2
INFO 2025-04-08 22:20:30,087 basehttp 47253 6172438528 "GET /videos/2/ HTTP/1.1" 200 669127
INFO 2025-04-08 22:20:36,058 tasks 47253 12901707776 Summary generated for transcript 2
INFO 2025-04-08 22:20:41,743 basehttp 47253 6172438528 "GET /videos/2/ HTTP/1.1" 200 668713
INFO 2025-04-08 22:21:29,306 basehttp 47253 6172438528 "GET /videos/ HTTP/1.1" 200 8259
INFO 2025-04-08 22:21:32,224 basehttp 47253 6172438528 "GET /videos/3/ HTTP/1.1" 200 8695
INFO 2025-04-08 22:21:37,266 basehttp 47253 6172438528 "GET /videos/ HTTP/1.1" 200 8259
INFO 2025-04-08 22:21:38,950 basehttp 47253 6172438528 "GET /videos/4/ HTTP/1.1" 200 297681
INFO 2025-04-08 22:21:44,124 basehttp 47253 6172438528 "POST /videos/4/generate-summary/ HTTP/1.1" 302 0
INFO 2025-04-08 22:21:44,125 tasks 47253 12901707776 Generating summary for transcript 3
INFO 2025-04-08 22:21:44,149 basehttp 47253 6172438528 "GET /videos/4/ HTTP/1.1" 200 298044
INFO 2025-04-08 22:21:56,796 tasks 47253 12901707776 Summary generated for transcript 3
INFO 2025-04-08 22:22:07,293 basehttp 47253 6172438528 "GET /videos/4/ HTTP/1.1" 200 298345
INFO 2025-04-08 22:23:00,761 basehttp 47253 6172438528 "GET /videos/ HTTP/1.1" 200 8259
INFO 2025-04-08 22:23:09,264 basehttp 47253 6172438528 "GET /videos/5/ HTTP/1.1" 200 172555
INFO 2025-04-08 22:23:58,739 basehttp 47253 6172438528 "GET /videos/ HTTP/1.1" 200 8259
INFO 2025-04-08 22:24:19,615 basehttp 47253 6172438528 "GET /videos/submit/ HTTP/1.1" 200 4799
INFO 2025-04-08 22:25:29,590 tasks 47253 13304360960 Starting to process video 6
INFO 2025-04-08 22:25:29,591 basehttp 47253 6172438528 "POST /videos/submit/ HTTP/1.1" 302 0
INFO 2025-04-08 22:25:29,592 tasks 47253 13304360960 Processing video: JOYSDqJdiro
INFO 2025-04-08 22:25:29,598 basehttp 47253 6172438528 "GET /videos/ HTTP/1.1" 200 9344
INFO 2025-04-08 22:25:32,246 tasks 47253 13304360960 Generating summary for transcript of JOYSDqJdiro
INFO 2025-04-08 22:25:48,200 tasks 47253 13304360960 Summary generated for JOYSDqJdiro
INFO 2025-04-08 22:25:48,201 tasks 47253 13304360960 Saved transcript for JOYSDqJdiro (en, auto-generated: True)
INFO 2025-04-08 22:25:48,203 tasks 47253 13304360960 Successfully processed video JOYSDqJdiro
INFO 2025-04-08 22:26:34,410 basehttp 47253 6172438528 "GET /videos/ HTTP/1.1" 200 9381
INFO 2025-04-08 22:26:38,969 basehttp 47253 6172438528 "GET /videos/6/ HTTP/1.1" 200 137180
INFO 2025-04-08 22:30:05,736 basehttp 47253 13304360960 "GET /videos/ HTTP/1.1" 200 9381
INFO 2025-04-08 22:57:51,801 basehttp 47253 13321187328 "GET /videos/ HTTP/1.1" 200 9381
INFO 2025-04-08 23:42:35,632 autoreload 64711 8643279552 Watching for file changes with StatReloader
INFO 2025-04-08 23:42:52,755 basehttp 64711 6168408064 "GET /videos/ HTTP/1.1" 200 9381
INFO 2025-04-08 23:42:58,431 tasks 64711 6185234432 Starting to process video 1
INFO 2025-04-08 23:42:58,433 basehttp 64711 6168408064 "POST /videos/1/process/ HTTP/1.1" 302 0
INFO 2025-04-08 23:42:58,437 tasks 64711 6185234432 Processing video: hZGG5MzQ3Zw
INFO 2025-04-08 23:42:58,451 basehttp 64711 6168408064 "GET /videos/1/ HTTP/1.1" 200 148344
INFO 2025-04-08 23:43:00,924 tasks 64711 6185234432 Generating summary for transcript of hZGG5MzQ3Zw
INFO 2025-04-08 23:43:03,471 basehttp 64711 6168408064 "GET /videos/1/status/ HTTP/1.1" 200 125
INFO 2025-04-08 23:43:08,480 basehttp 64711 6168408064 "GET /videos/1/status/ HTTP/1.1" 200 125
INFO 2025-04-08 23:43:13,488 basehttp 64711 6168408064 "GET /videos/1/status/ HTTP/1.1" 200 125
INFO 2025-04-08 23:43:18,496 basehttp 64711 6168408064 "GET /videos/1/status/ HTTP/1.1" 200 125
INFO 2025-04-08 23:43:23,511 basehttp 64711 6168408064 "GET /videos/1/status/ HTTP/1.1" 200 125
INFO 2025-04-08 23:43:28,156 basehttp 64711 6168408064 "GET /videos/1/ HTTP/1.1" 200 148012
INFO 2025-04-08 23:43:33,205 basehttp 64711 6168408064 "GET /videos/1/status/ HTTP/1.1" 200 125
INFO 2025-04-08 23:43:35,208 tasks 64711 6185234432 Summary generated for hZGG5MzQ3Zw
INFO 2025-04-08 23:43:35,208 tasks 64711 6185234432 Saved transcript for hZGG5MzQ3Zw (en, auto-generated: True)
INFO 2025-04-08 23:43:35,210 tasks 64711 6185234432 Successfully processed video hZGG5MzQ3Zw
INFO 2025-04-08 23:43:38,211 basehttp 64711 6168408064 "GET /videos/1/status/ HTTP/1.1" 200 131
INFO 2025-04-08 23:43:38,229 basehttp 64711 6168408064 "GET /videos/1/ HTTP/1.1" 200 147794
INFO 2025-04-08 23:43:49,110 basehttp 64711 6168408064 "POST /videos/1/generate-summary/ HTTP/1.1" 302 0
INFO 2025-04-08 23:43:49,111 tasks 64711 6185234432 Generating summary for transcript 1
INFO 2025-04-08 23:43:49,125 basehttp 64711 6168408064 "GET /videos/1/ HTTP/1.1" 200 148157
INFO 2025-04-08 23:44:21,092 tasks 64711 6185234432 Summary generated for transcript 1
INFO 2025-04-08 23:44:26,067 basehttp 64711 6168408064 "GET /videos/1/ HTTP/1.1" 200 147919
INFO 2025-04-08 23:45:17,699 basehttp 64711 6202060800 "GET /videos/ HTTP/1.1" 200 9381
INFO 2025-04-08 23:45:25,533 basehttp 64711 6202060800 "GET /videos/5/ HTTP/1.1" 200 172555
INFO 2025-04-08 23:45:31,881 basehttp 64711 6202060800 "POST /videos/5/generate-summary/ HTTP/1.1" 302 0
INFO 2025-04-08 23:45:31,881 tasks 64711 6168408064 Generating summary for transcript 4
INFO 2025-04-08 23:45:31,892 basehttp 64711 6202060800 "GET /videos/5/ HTTP/1.1" 200 172918
INFO 2025-04-08 23:46:08,686 tasks 64711 6168408064 Summary generated for transcript 4
INFO 2025-04-08 23:46:32,861 basehttp 64711 6185234432 "GET /videos/ HTTP/1.1" 200 9381
INFO 2025-04-08 23:46:53,343 basehttp 64711 6185234432 "GET /videos/2/ HTTP/1.1" 200 668713
INFO 2025-04-08 23:47:06,176 tasks 64711 6168408064 Starting to process video 2
INFO 2025-04-08 23:47:06,178 basehttp 64711 6185234432 "POST /videos/2/process/ HTTP/1.1" 302 0
INFO 2025-04-08 23:47:06,180 tasks 64711 6168408064 Processing video: Z-DoGQdlEPY
INFO 2025-04-08 23:47:06,202 basehttp 64711 6185234432 "GET /videos/2/ HTTP/1.1" 200 669370
INFO 2025-04-08 23:47:08,787 tasks 64711 6168408064 Generating summary for transcript of Z-DoGQdlEPY
INFO 2025-04-08 23:47:11,225 basehttp 64711 6185234432 "GET /videos/2/status/ HTTP/1.1" 200 125
INFO 2025-04-08 23:47:16,234 basehttp 64711 6185234432 "GET /videos/2/status/ HTTP/1.1" 200 125
INFO 2025-04-08 23:47:17,890 tasks 64711 6168408064 Summary generated for Z-DoGQdlEPY
INFO 2025-04-08 23:47:17,891 tasks 64711 6168408064 Saved transcript for Z-DoGQdlEPY (, auto-generated: False)
INFO 2025-04-08 23:47:17,893 tasks 64711 6168408064 Successfully processed video Z-DoGQdlEPY
INFO 2025-04-08 23:47:21,246 basehttp 64711 6185234432 "GET /videos/2/status/ HTTP/1.1" 200 131
INFO 2025-04-08 23:47:21,288 basehttp 64711 6185234432 "GET /videos/2/ HTTP/1.1" 200 558305
INFO 2025-04-08 23:47:29,344 basehttp 64711 6185234432 "POST /videos/2/generate-summary/ HTTP/1.1" 302 0
INFO 2025-04-08 23:47:29,345 tasks 64711 6168408064 Generating summary for transcript 2
INFO 2025-04-08 23:47:29,373 basehttp 64711 6185234432 "GET /videos/2/ HTTP/1.1" 200 558668
INFO 2025-04-08 23:47:32,281 tasks 64711 6168408064 Summary generated for transcript 2
INFO 2025-04-08 23:48:01,042 basehttp 64711 6185234432 "POST /videos/2/generate-summary/ HTTP/1.1" 302 0
INFO 2025-04-08 23:48:01,043 tasks 64711 6202060800 Generating summary for transcript 2
INFO 2025-04-08 23:48:01,073 basehttp 64711 6185234432 "GET /videos/2/ HTTP/1.1" 200 558488
INFO 2025-04-08 23:48:07,660 tasks 64711 6202060800 Summary generated for transcript 2
INFO 2025-04-08 23:48:46,493 basehttp 64711 6185234432 "POST /videos/2/generate-summary/ HTTP/1.1" 302 0
INFO 2025-04-08 23:48:46,493 tasks 64711 6218887168 Generating summary for transcript 2
INFO 2025-04-08 23:48:46,522 basehttp 64711 6185234432 "GET /videos/2/ HTTP/1.1" 200 558652
INFO 2025-04-08 23:48:52,763 tasks 64711 6218887168 Summary generated for transcript 2
INFO 2025-04-08 23:49:09,383 basehttp 64711 6185234432 "GET /videos/2/ HTTP/1.1" 200 558285
INFO 2025-04-08 23:49:17,691 tasks 64711 6168408064 Starting to process video 2
INFO 2025-04-08 23:49:17,693 basehttp 64711 6185234432 "POST /videos/2/process/ HTTP/1.1" 302 0
INFO 2025-04-08 23:49:17,696 tasks 64711 6168408064 Processing video: Z-DoGQdlEPY
INFO 2025-04-08 23:49:17,719 basehttp 64711 6185234432 "GET /videos/2/ HTTP/1.1" 200 558941
INFO 2025-04-08 23:49:20,265 tasks 64711 6168408064 Generating summary for transcript of Z-DoGQdlEPY
INFO 2025-04-08 23:49:22,744 basehttp 64711 6185234432 "GET /videos/2/status/ HTTP/1.1" 200 125
INFO 2025-04-08 23:49:27,078 tasks 64711 6168408064 Summary generated for Z-DoGQdlEPY
INFO 2025-04-08 23:49:27,078 tasks 64711 6168408064 Saved transcript for Z-DoGQdlEPY (, auto-generated: False)
INFO 2025-04-08 23:49:27,080 tasks 64711 6168408064 Successfully processed video Z-DoGQdlEPY
INFO 2025-04-08 23:49:27,755 basehttp 64711 6185234432 "GET /videos/2/status/ HTTP/1.1" 200 131
INFO 2025-04-08 23:49:27,802 basehttp 64711 6185234432 "GET /videos/2/ HTTP/1.1" 200 558287
INFO 2025-04-08 23:49:48,048 basehttp 64711 6185234432 "GET /videos/ HTTP/1.1" 200 9381
INFO 2025-04-08 23:49:57,128 basehttp 64711 6185234432 "GET /videos/3/ HTTP/1.1" 200 8695
INFO 2025-04-08 23:50:02,053 basehttp 64711 6185234432 "GET /videos/4/ HTTP/1.1" 200 298345
INFO 2025-04-08 23:50:07,600 basehttp 64711 6185234432 "POST /videos/4/generate-summary/ HTTP/1.1" 302 0
INFO 2025-04-08 23:50:07,603 tasks 64711 6202060800 Generating summary for transcript 3
INFO 2025-04-08 23:50:07,614 basehttp 64711 6185234432 "GET /videos/4/ HTTP/1.1" 200 298708
INFO 2025-04-08 23:50:40,874 basehttp 64711 6185234432 "GET /videos/4/ HTTP/1.1" 200 298345
INFO 2025-04-08 23:50:41,502 tasks 64711 6202060800 Summary generated for transcript 3
INFO 2025-04-08 23:50:56,487 basehttp 64711 6185234432 "GET /videos/ HTTP/1.1" 200 9381
INFO 2025-04-08 23:51:05,118 basehttp 64711 6185234432 "GET /videos/4/ HTTP/1.1" 200 298496
INFO 2025-04-08 23:51:08,377 basehttp 64711 6185234432 "GET /videos/ HTTP/1.1" 200 9381
INFO 2025-04-08 23:51:10,513 basehttp 64711 6185234432 "GET /videos/5/ HTTP/1.1" 200 172726
INFO 2025-04-08 23:51:14,112 basehttp 64711 6185234432 "GET /videos/ HTTP/1.1" 200 9381
INFO 2025-04-08 23:51:15,961 basehttp 64711 6185234432 "GET /videos/6/ HTTP/1.1" 200 137180
INFO 2025-04-08 23:51:26,241 tasks 64711 6168408064 Starting to process video 6
INFO 2025-04-08 23:51:26,242 basehttp 64711 6185234432 "POST /videos/6/process/ HTTP/1.1" 302 0
INFO 2025-04-08 23:51:26,246 tasks 64711 6168408064 Processing video: JOYSDqJdiro
INFO 2025-04-08 23:51:26,256 basehttp 64711 6185234432 "GET /videos/6/ HTTP/1.1" 200 137840
INFO 2025-04-08 23:51:29,038 tasks 64711 6168408064 Generating summary for transcript of JOYSDqJdiro
INFO 2025-04-08 23:51:31,277 basehttp 64711 6185234432 "GET /videos/6/status/ HTTP/1.1" 200 125
INFO 2025-04-08 23:51:36,286 basehttp 64711 6185234432 "GET /videos/6/status/ HTTP/1.1" 200 125
INFO 2025-04-08 23:51:41,295 basehttp 64711 6185234432 "GET /videos/6/status/ HTTP/1.1" 200 125
INFO 2025-04-08 23:51:46,303 basehttp 64711 6185234432 "GET /videos/6/status/ HTTP/1.1" 200 125
INFO 2025-04-08 23:51:51,312 basehttp 64711 6185234432 "GET /videos/6/status/ HTTP/1.1" 200 125
INFO 2025-04-08 23:51:56,318 basehttp 64711 6185234432 "GET /videos/6/status/ HTTP/1.1" 200 125
INFO 2025-04-08 23:52:01,325 basehttp 64711 6185234432 "GET /videos/6/status/ HTTP/1.1" 200 125
INFO 2025-04-08 23:52:02,897 tasks 64711 6168408064 Summary generated for JOYSDqJdiro
INFO 2025-04-08 23:52:02,897 tasks 64711 6168408064 Saved transcript for JOYSDqJdiro (en, auto-generated: True)
INFO 2025-04-08 23:52:02,899 tasks 64711 6168408064 Successfully processed video JOYSDqJdiro
INFO 2025-04-08 23:52:06,336 basehttp 64711 6185234432 "GET /videos/6/status/ HTTP/1.1" 200 130
INFO 2025-04-08 23:52:06,367 basehttp 64711 6185234432 "GET /videos/6/ HTTP/1.1" 200 137404
INFO 2025-04-08 23:52:16,028 basehttp 64711 6185234432 "POST /videos/6/generate-summary/ HTTP/1.1" 302 0
INFO 2025-04-08 23:52:16,029 tasks 64711 6202060800 Generating summary for transcript 6
INFO 2025-04-08 23:52:16,043 basehttp 64711 6185234432 "GET /videos/6/ HTTP/1.1" 200 137767
INFO 2025-04-08 23:52:58,896 basehttp 64711 6168408064 "GET /videos/6/ HTTP/1.1" 200 137404
INFO 2025-04-08 23:53:07,766 tasks 64711 6202060800 Summary generated for transcript 6
INFO 2025-04-09 00:02:46,874 autoreload 69301 8643279552 Watching for file changes with StatReloader
INFO 2025-04-09 00:02:54,650 basehttp 69301 6196981760 "GET /videos/ HTTP/1.1" 200 9381
INFO 2025-04-09 00:02:58,952 basehttp 69301 6196981760 "GET /videos/ HTTP/1.1" 200 9381
INFO 2025-04-09 00:03:03,040 basehttp 69301 6196981760 "GET /videos/6/ HTTP/1.1" 200 137228
INFO 2025-04-09 00:03:43,561 basehttp 69301 6196981760 "GET /videos/5/ HTTP/1.1" 200 171927
INFO 2025-04-09 00:04:05,532 basehttp 69301 6196981760 "GET /videos/4/ HTTP/1.1" 200 297699
INFO 2025-04-09 00:04:45,245 basehttp 69301 6196981760 "GET /videos/ HTTP/1.1" 200 9381
INFO 2025-04-09 00:04:47,490 basehttp 69301 6196981760 "GET /videos/3/ HTTP/1.1" 200 7971
INFO 2025-04-09 00:04:59,755 basehttp 69301 6196981760 "GET /videos/2/ HTTP/1.1" 200 557486
INFO 2025-04-09 00:05:04,783 tasks 69301 6213808128 Starting to process video 2
INFO 2025-04-09 00:05:04,785 basehttp 69301 6196981760 "POST /videos/2/process/ HTTP/1.1" 302 0
INFO 2025-04-09 00:05:04,788 tasks 69301 6213808128 Processing video: Z-DoGQdlEPY
INFO 2025-04-09 00:05:04,813 basehttp 69301 6196981760 "GET /videos/2/ HTTP/1.1" 200 558142
INFO 2025-04-09 00:05:07,274 tasks 69301 6213808128 Generating summary for transcript of Z-DoGQdlEPY
INFO 2025-04-09 00:05:09,840 basehttp 69301 6196981760 "GET /videos/2/status/ HTTP/1.1" 200 125
INFO 2025-04-09 00:05:14,849 basehttp 69301 6196981760 "GET /videos/2/status/ HTTP/1.1" 200 125
INFO 2025-04-09 00:05:15,437 tasks 69301 6213808128 Summary generated for Z-DoGQdlEPY
INFO 2025-04-09 00:05:15,437 tasks 69301 6213808128 Saved transcript for Z-DoGQdlEPY (, auto-generated: False)
INFO 2025-04-09 00:05:15,440 tasks 69301 6213808128 Successfully processed video Z-DoGQdlEPY
INFO 2025-04-09 00:05:19,861 basehttp 69301 6196981760 "GET /videos/2/status/ HTTP/1.1" 200 131
INFO 2025-04-09 00:05:19,925 basehttp 69301 6196981760 "GET /videos/2/ HTTP/1.1" 200 557324
INFO 2025-04-09 00:05:25,037 basehttp 69301 6196981760 "GET /videos/2/ HTTP/1.1" 200 557324
INFO 2025-04-09 00:05:51,214 basehttp 69301 6196981760 "GET /videos/ HTTP/1.1" 200 9381
INFO 2025-04-09 00:05:57,790 basehttp 69301 6196981760 "GET /videos/4/ HTTP/1.1" 200 297699
INFO 2025-04-09 00:06:04,163 tasks 69301 6213808128 Generating summary for transcript 3
ERROR 2025-04-09 00:06:04,176 log 69301 6196981760 Internal Server Error: /videos/4/generate-summary/
Traceback (most recent call last):
  File "/Users/muhozayekoye/myyoutube-processor/venv/lib/python3.13/site-packages/django/core/handlers/exception.py", line 55, in inner
    response = get_response(request)
  File "/Users/muhozayekoye/myyoutube-processor/venv/lib/python3.13/site-packages/django/core/handlers/base.py", line 197, in _get_response
    response = wrapped_callback(request, *callback_args, **callback_kwargs)
  File "/Users/muhozayekoye/myyoutube-processor/venv/lib/python3.13/site-packages/django/views/decorators/http.py", line 64, in inner
    return func(request, *args, **kwargs)
  File "/Users/muhozayekoye/myyoutube-processor/src/videos/views.py", line 148, in generate_transcript_summary
    return redirect(f"{reverse('video_detail', kwargs={'pk': video.pk})}#summary")
                       ^^^^^^^
NameError: name 'reverse' is not defined. Did you mean: 'reversed'?
ERROR 2025-04-09 00:06:04,179 basehttp 69301 6196981760 "POST /videos/4/generate-summary/ HTTP/1.1" 500 70020
INFO 2025-04-09 00:06:38,763 tasks 69301 6213808128 Summary generated for transcript 3
INFO 2025-04-09 00:06:58,114 basehttp 69301 6196981760 "GET /videos/1/ HTTP/1.1" 200 147484
INFO 2025-04-09 00:07:09,861 tasks 69301 6213808128 Generating summary for transcript 1
ERROR 2025-04-09 00:07:09,880 log 69301 6196981760 Internal Server Error: /videos/1/generate-summary/
Traceback (most recent call last):
  File "/Users/muhozayekoye/myyoutube-processor/venv/lib/python3.13/site-packages/django/core/handlers/exception.py", line 55, in inner
    response = get_response(request)
  File "/Users/muhozayekoye/myyoutube-processor/venv/lib/python3.13/site-packages/django/core/handlers/base.py", line 197, in _get_response
    response = wrapped_callback(request, *callback_args, **callback_kwargs)
  File "/Users/muhozayekoye/myyoutube-processor/venv/lib/python3.13/site-packages/django/views/decorators/http.py", line 64, in inner
    return func(request, *args, **kwargs)
  File "/Users/muhozayekoye/myyoutube-processor/src/videos/views.py", line 148, in generate_transcript_summary
    return redirect(f"{reverse('video_detail', kwargs={'pk': video.pk})}#summary")
                       ^^^^^^^
NameError: name 'reverse' is not defined. Did you mean: 'reversed'?
ERROR 2025-04-09 00:07:09,881 basehttp 69301 6196981760 "POST /videos/1/generate-summary/ HTTP/1.1" 500 70020
INFO 2025-04-09 00:07:31,575 autoreload 69301 8643279552 /Users/muhozayekoye/myyoutube-processor/src/videos/views.py changed, reloading.
INFO 2025-04-09 00:07:31,986 autoreload 70431 8643279552 Watching for file changes with StatReloader
INFO 2025-04-09 00:08:37,283 autoreload 70883 8643279552 Watching for file changes with StatReloader
INFO 2025-04-09 00:08:52,986 basehttp 70883 6130479104 "GET / HTTP/1.1" 302 0
INFO 2025-04-09 00:08:53,005 basehttp 70883 6130479104 "GET /videos/ HTTP/1.1" 200 9744
INFO 2025-04-09 00:09:09,488 basehttp 70883 6130479104 "GET /videos/ HTTP/1.1" 200 9381
INFO 2025-04-09 00:09:14,237 basehttp 70883 6130479104 "GET /videos/1/ HTTP/1.1" 200 147919
INFO 2025-04-09 00:33:01,976 autoreload 76408 8643279552 Watching for file changes with StatReloader
INFO 2025-04-09 00:33:15,320 basehttp 76408 6192934912 "GET /videos/1/ HTTP/1.1" 200 147121
INFO 2025-04-09 00:33:30,220 basehttp 76408 6192934912 "POST /videos/1/generate-summary/ HTTP/1.1" 302 0
INFO 2025-04-09 00:33:30,221 tasks 76408 6209761280 Generating summary for transcript 1
INFO 2025-04-09 00:33:30,234 basehttp 76408 6192934912 "GET /videos/1/ HTTP/1.1" 200 147484
INFO 2025-04-09 00:33:36,918 basehttp 76408 6192934912 "POST /videos/1/generate-summary/ HTTP/1.1" 302 0
INFO 2025-04-09 00:33:36,919 tasks 76408 6226587648 Generating summary for transcript 1
INFO 2025-04-09 00:33:36,932 basehttp 76408 6192934912 "GET /videos/1/ HTTP/1.1" 200 147484
INFO 2025-04-09 00:33:44,374 basehttp 76408 6192934912 "GET /videos/ HTTP/1.1" 200 9381
INFO 2025-04-09 00:33:46,593 basehttp 76408 6192934912 "GET /videos/2/ HTTP/1.1" 200 557324
INFO 2025-04-09 00:33:56,360 basehttp 76408 6192934912 "GET /videos/2/ HTTP/1.1" 200 557324
INFO 2025-04-09 00:34:00,624 tasks 76408 6243414016 Starting to process video 2
INFO 2025-04-09 00:34:00,624 basehttp 76408 6192934912 "POST /videos/2/process/ HTTP/1.1" 302 0
INFO 2025-04-09 00:34:00,628 tasks 76408 6243414016 Processing video: Z-DoGQdlEPY
INFO 2025-04-09 00:34:00,654 basehttp 76408 6192934912 "GET /videos/2/ HTTP/1.1" 200 557980
INFO 2025-04-09 00:34:03,128 tasks 76408 6243414016 Generating summary for transcript of Z-DoGQdlEPY
INFO 2025-04-09 00:34:05,678 basehttp 76408 6192934912 "GET /videos/2/status/ HTTP/1.1" 200 125
INFO 2025-04-09 00:34:10,686 basehttp 76408 6192934912 "GET /videos/2/status/ HTTP/1.1" 200 125
INFO 2025-04-09 00:34:15,693 basehttp 76408 6192934912 "GET /videos/2/status/ HTTP/1.1" 200 125
INFO 2025-04-09 00:34:20,701 basehttp 76408 6192934912 "GET /videos/2/status/ HTTP/1.1" 200 125
INFO 2025-04-09 00:34:25,710 basehttp 76408 6192934912 "GET /videos/2/status/ HTTP/1.1" 200 125
INFO 2025-04-09 00:34:29,252 tasks 76408 6243414016 Summary generated for Z-DoGQdlEPY
INFO 2025-04-09 00:34:29,252 tasks 76408 6243414016 Saved transcript for Z-DoGQdlEPY (, auto-generated: False)
INFO 2025-04-09 00:34:29,254 tasks 76408 6243414016 Successfully processed video Z-DoGQdlEPY
INFO 2025-04-09 00:34:30,716 basehttp 76408 6192934912 "GET /videos/2/status/ HTTP/1.1" 200 131
INFO 2025-04-09 00:34:30,741 basehttp 76408 6192934912 "GET /videos/2/ HTTP/1.1" 200 557498
INFO 2025-04-09 00:34:31,581 tasks 76408 6209761280 Summary generated for transcript 1
INFO 2025-04-09 00:34:36,539 tasks 76408 6226587648 Summary generated for transcript 1
INFO 2025-04-09 00:35:26,191 basehttp 76408 6192934912 "POST /videos/2/generate-summary/ HTTP/1.1" 302 0
INFO 2025-04-09 00:35:26,192 tasks 76408 6209761280 Generating summary for transcript 2
INFO 2025-04-09 00:35:26,220 basehttp 76408 6192934912 "GET /videos/2/ HTTP/1.1" 200 557861
INFO 2025-04-09 00:35:34,451 tasks 76408 6209761280 Summary generated for transcript 2
INFO 2025-04-09 00:35:41,935 basehttp 76408 6192934912 "GET /videos/ HTTP/1.1" 200 9381
INFO 2025-04-09 00:35:52,853 basehttp 76408 6192934912 "GET /videos/3/ HTTP/1.1" 200 7971
INFO 2025-04-09 00:35:55,378 basehttp 76408 6192934912 "GET /videos/ HTTP/1.1" 200 9381
INFO 2025-04-09 00:35:57,500 basehttp 76408 6192934912 "GET /videos/4/ HTTP/1.1" 200 297748
INFO 2025-04-09 00:36:00,694 tasks 76408 6226587648 Starting to process video 4
INFO 2025-04-09 00:36:00,695 basehttp 76408 6192934912 "POST /videos/4/process/ HTTP/1.1" 302 0
INFO 2025-04-09 00:36:00,698 tasks 76408 6226587648 Processing video: dlWIZVBT0Tc
INFO 2025-04-09 00:36:00,715 basehttp 76408 6192934912 "GET /videos/4/ HTTP/1.1" 200 298405
INFO 2025-04-09 00:36:03,341 tasks 76408 6226587648 Generating summary for transcript of dlWIZVBT0Tc
INFO 2025-04-09 00:36:05,739 basehttp 76408 6192934912 "GET /videos/4/status/ HTTP/1.1" 200 125
INFO 2025-04-09 00:36:10,747 basehttp 76408 6192934912 "GET /videos/4/status/ HTTP/1.1" 200 125
INFO 2025-04-09 00:36:15,754 basehttp 76408 6192934912 "GET /videos/4/status/ HTTP/1.1" 200 125
INFO 2025-04-09 00:36:20,762 basehttp 76408 6192934912 "GET /videos/4/status/ HTTP/1.1" 200 125
INFO 2025-04-09 00:36:25,770 basehttp 76408 6192934912 "GET /videos/4/status/ HTTP/1.1" 200 125
INFO 2025-04-09 00:36:30,778 basehttp 76408 6192934912 "GET /videos/4/status/ HTTP/1.1" 200 125
INFO 2025-04-09 00:36:35,787 basehttp 76408 6192934912 "GET /videos/4/status/ HTTP/1.1" 200 125
INFO 2025-04-09 00:36:40,612 tasks 76408 6226587648 Summary generated for dlWIZVBT0Tc
INFO 2025-04-09 00:36:40,613 tasks 76408 6226587648 Saved transcript for dlWIZVBT0Tc (en, auto-generated: True)
INFO 2025-04-09 00:36:40,615 tasks 76408 6226587648 Successfully processed video dlWIZVBT0Tc
INFO 2025-04-09 00:36:40,798 basehttp 76408 6192934912 "GET /videos/4/status/ HTTP/1.1" 200 131
INFO 2025-04-09 00:36:40,836 basehttp 76408 6192934912 "GET /videos/4/ HTTP/1.1" 200 297669
INFO 2025-04-09 00:44:38,099 basehttp 76408 6192934912 "GET /videos/ HTTP/1.1" 200 9381
INFO 2025-04-09 00:44:40,462 basehttp 76408 6192934912 "GET /videos/5/ HTTP/1.1" 200 171927
INFO 2025-04-09 00:44:48,297 basehttp 76408 6192934912 "POST /videos/5/generate-summary/ HTTP/1.1" 302 0
INFO 2025-04-09 00:44:48,298 tasks 76408 6209761280 Generating summary for transcript 4
INFO 2025-04-09 00:44:48,316 basehttp 76408 6192934912 "GET /videos/5/ HTTP/1.1" 200 172290
INFO 2025-04-09 00:45:09,520 basehttp 76408 6192934912 "GET /videos/5/ HTTP/1.1" 200 171927
INFO 2025-04-09 00:45:20,390 basehttp 76408 6192934912 "GET /videos/5/ HTTP/1.1" 200 171927
INFO 2025-04-09 00:45:25,865 tasks 76408 6209761280 Summary generated for transcript 4
INFO 2025-04-09 00:45:27,639 basehttp 76408 6192934912 "GET /videos/ HTTP/1.1" 200 9381
INFO 2025-04-09 00:48:40,701 basehttp 76408 6192934912 "GET /videos/2/ HTTP/1.1" 200 557478
INFO 2025-04-09 00:48:49,298 basehttp 76408 6192934912 "GET /videos/ HTTP/1.1" 200 9381
INFO 2025-04-09 00:48:51,248 basehttp 76408 6192934912 "GET /videos/1/ HTTP/1.1" 200 147228
INFO 2025-04-09 00:49:19,434 basehttp 76408 6192934912 "GET /videos/ HTTP/1.1" 200 9381
INFO 2025-04-09 00:49:31,816 basehttp 76408 6192934912 "GET /videos/2/ HTTP/1.1" 200 557478
INFO 2025-04-09 00:50:15,565 basehttp 76408 6192934912 "GET /videos/4/ HTTP/1.1" 200 297669
INFO 2025-04-09 00:50:43,242 basehttp 76408 6192934912 "GET /videos/ HTTP/1.1" 200 9381
INFO 2025-04-09 00:50:48,170 basehttp 76408 6192934912 "GET /videos/6/ HTTP/1.1" 200 137228
INFO 2025-04-09 00:50:55,993 basehttp 76408 6192934912 "POST /videos/6/generate-summary/ HTTP/1.1" 302 0
INFO 2025-04-09 00:50:55,994 tasks 76408 6209761280 Generating summary for transcript 6
INFO 2025-04-09 00:50:56,010 basehttp 76408 6192934912 "GET /videos/6/ HTTP/1.1" 200 137591
INFO 2025-04-09 00:51:12,605 basehttp 76408 6192934912 "GET /videos/6/ HTTP/1.1" 200 137228
INFO 2025-04-09 00:51:30,901 tasks 76408 6209761280 Summary generated for transcript 6
INFO 2025-04-09 00:51:46,060 basehttp 76408 6192934912 "GET /videos/submit/ HTTP/1.1" 200 4799
INFO 2025-04-09 00:53:41,696 tasks 76408 6209761280 Starting to process video 7
INFO 2025-04-09 00:53:41,696 basehttp 76408 6192934912 "POST /videos/submit/ HTTP/1.1" 302 0
INFO 2025-04-09 00:53:41,698 tasks 76408 6209761280 Processing video: NSsx6mkiaf8
INFO 2025-04-09 00:53:41,704 basehttp 76408 6192934912 "GET /videos/ HTTP/1.1" 200 10466
INFO 2025-04-09 00:53:44,600 tasks 76408 6209761280 Generating summary for transcript of NSsx6mkiaf8
INFO 2025-04-09 00:54:36,051 tasks 76408 6209761280 Summary generated for NSsx6mkiaf8
INFO 2025-04-09 00:54:36,052 tasks 76408 6209761280 Saved transcript for NSsx6mkiaf8 (en, auto-generated: True)
INFO 2025-04-09 00:54:36,053 tasks 76408 6209761280 Successfully processed video NSsx6mkiaf8
INFO 2025-04-09 01:23:44,409 basehttp 76408 6192934912 "GET /videos/ HTTP/1.1" 200 10503
INFO 2025-04-09 01:23:46,376 basehttp 76408 6192934912 "GET /videos/7/ HTTP/1.1" 200 1640396
INFO 2025-04-09 02:29:09,224 tasks 76408 6209761280 Starting to process video 7
INFO 2025-04-09 02:29:09,226 basehttp 76408 6192934912 "POST /videos/7/process/ HTTP/1.1" 302 0
INFO 2025-04-09 02:29:09,231 tasks 76408 6209761280 Processing video: NSsx6mkiaf8
INFO 2025-04-09 02:29:09,276 basehttp 76408 6192934912 "GET /videos/7/ HTTP/1.1" 200 1641055
INFO 2025-04-09 02:29:12,047 tasks 76408 6209761280 Generating summary for transcript of NSsx6mkiaf8
INFO 2025-04-09 02:29:14,307 basehttp 76408 6192934912 "GET /videos/7/status/ HTTP/1.1" 200 125
INFO 2025-04-09 02:29:19,323 basehttp 76408 6192934912 "GET /videos/7/status/ HTTP/1.1" 200 125
INFO 2025-04-09 02:29:24,330 basehttp 76408 6192934912 "GET /videos/7/status/ HTTP/1.1" 200 125
INFO 2025-04-09 02:29:29,338 basehttp 76408 6192934912 "GET /videos/7/status/ HTTP/1.1" 200 125
INFO 2025-04-09 02:29:34,345 basehttp 76408 6192934912 "GET /videos/7/status/ HTTP/1.1" 200 125
INFO 2025-04-09 02:29:39,354 basehttp 76408 6192934912 "GET /videos/7/status/ HTTP/1.1" 200 125
INFO 2025-04-09 02:29:44,362 basehttp 76408 6192934912 "GET /videos/7/status/ HTTP/1.1" 200 125
INFO 2025-04-09 02:29:49,370 basehttp 76408 6192934912 "GET /videos/7/status/ HTTP/1.1" 200 125
INFO 2025-04-09 02:29:54,378 basehttp 76408 6192934912 "GET /videos/7/status/ HTTP/1.1" 200 125
INFO 2025-04-09 02:29:59,386 basehttp 76408 6192934912 "GET /videos/7/status/ HTTP/1.1" 200 125
INFO 2025-04-09 02:30:03,493 basehttp 76408 6192934912 "GET /videos/7/ HTTP/1.1" 200 1640723
INFO 2025-04-09 02:30:07,419 tasks 76408 6209761280 Summary generated for NSsx6mkiaf8
INFO 2025-04-09 02:30:07,419 tasks 76408 6209761280 Saved transcript for NSsx6mkiaf8 (en, auto-generated: True)
INFO 2025-04-09 02:30:07,422 tasks 76408 6209761280 Successfully processed video NSsx6mkiaf8
INFO 2025-04-09 02:30:08,575 basehttp 76408 6192934912 "GET /videos/7/status/ HTTP/1.1" 200 130
INFO 2025-04-09 02:30:08,629 basehttp 76408 6192934912 "GET /videos/7/ HTTP/1.1" 200 1640343
INFO 2025-04-09 02:30:12,868 basehttp 76408 6192934912 "GET /videos/7/ HTTP/1.1" 200 1640343
INFO 2025-04-09 02:30:21,721 basehttp 76408 6192934912 "POST /videos/7/generate-summary/ HTTP/1.1" 302 0
INFO 2025-04-09 02:30:21,725 tasks 76408 6209761280 Generating summary for transcript 7
INFO 2025-04-09 02:30:21,768 basehttp 76408 6192934912 "GET /videos/7/ HTTP/1.1" 200 1640706
INFO 2025-04-09 02:31:09,815 tasks 76408 6209761280 Summary generated for transcript 7
INFO 2025-04-09 02:31:49,275 basehttp 76408 6192934912 "GET /videos/ HTTP/1.1" 200 10503
INFO 2025-04-09 02:33:00,989 basehttp 76408 6209761280 "GET /videos/submit/ HTTP/1.1" 200 4799
INFO 2025-04-09 02:33:07,100 tasks 76408 6226587648 Starting to process video 8
INFO 2025-04-09 02:33:07,101 basehttp 76408 6209761280 "POST /videos/submit/ HTTP/1.1" 302 0
INFO 2025-04-09 02:33:07,103 tasks 76408 6226587648 Processing video: XBQEdtXjlho
INFO 2025-04-09 02:33:07,110 basehttp 76408 6209761280 "GET /videos/ HTTP/1.1" 200 11588
INFO 2025-04-09 02:33:09,764 tasks 76408 6226587648 Generating summary for transcript of XBQEdtXjlho
INFO 2025-04-09 02:34:14,601 tasks 76408 6226587648 Summary generated for XBQEdtXjlho
INFO 2025-04-09 02:34:14,601 tasks 76408 6226587648 Saved transcript for XBQEdtXjlho (en, auto-generated: True)
INFO 2025-04-09 02:34:14,602 tasks 76408 6226587648 Successfully processed video XBQEdtXjlho
INFO 2025-04-09 02:34:20,134 basehttp 76408 6192934912 "GET /videos/ HTTP/1.1" 200 11625
INFO 2025-04-09 02:34:28,658 basehttp 76408 6192934912 "GET /videos/8/ HTTP/1.1" 200 509330
INFO 2025-04-09 02:38:42,439 basehttp 76408 6192934912 "GET /videos/ HTTP/1.1" 200 11625
INFO 2025-04-09 02:38:50,493 basehttp 76408 6192934912 "GET /videos/1/ HTTP/1.1" 200 147228
INFO 2025-04-09 02:38:57,092 basehttp 76408 6192934912 "GET /videos/ HTTP/1.1" 200 11625
INFO 2025-04-09 02:39:01,684 basehttp 76408 6192934912 "GET /videos/1/ HTTP/1.1" 200 147228
INFO 2025-04-09 02:39:45,916 basehttp 76408 6209761280 "GET /videos/ HTTP/1.1" 200 11625
INFO 2025-04-09 02:39:49,067 basehttp 76408 6209761280 "GET /videos/2/ HTTP/1.1" 200 557478
INFO 2025-04-09 02:39:51,787 basehttp 76408 6209761280 "GET /videos/ HTTP/1.1" 200 11625
INFO 2025-04-09 02:39:53,430 basehttp 76408 6209761280 "GET /videos/3/ HTTP/1.1" 200 7971
INFO 2025-04-09 02:40:12,034 basehttp 76408 6209761280 "GET /videos/4/ HTTP/1.1" 200 297669
INFO 2025-04-09 02:40:25,999 basehttp 76408 6209761280 "POST /videos/4/generate-summary/ HTTP/1.1" 302 0
INFO 2025-04-09 02:40:26,000 tasks 76408 6192934912 Generating summary for transcript 3
INFO 2025-04-09 02:40:26,015 basehttp 76408 6209761280 "GET /videos/4/ HTTP/1.1" 200 298032
INFO 2025-04-09 02:40:40,522 basehttp 76408 6209761280 "GET /videos/4/ HTTP/1.1" 200 297669
INFO 2025-04-09 02:40:46,768 basehttp 76408 6209761280 "GET /videos/ HTTP/1.1" 200 11625
INFO 2025-04-09 02:40:58,021 basehttp 76408 6209761280 "GET /videos/ HTTP/1.1" 200 11625
INFO 2025-04-09 02:40:59,422 basehttp 76408 6209761280 "GET /videos/ HTTP/1.1" 200 11625
INFO 2025-04-09 02:41:01,585 tasks 76408 6192934912 Summary generated for transcript 3
INFO 2025-04-09 02:42:01,424 basehttp 76408 6192934912 "GET /videos/7/ HTTP/1.1" 200 1640272
INFO 2025-04-09 02:42:10,954 basehttp 76408 6192934912 "GET /videos/7/ HTTP/1.1" 200 1640272
INFO 2025-04-09 02:42:37,746 basehttp 76408 6192934912 "GET /videos/7/ HTTP/1.1" 200 1640272
INFO 2025-04-09 03:49:08,018 autoreload 19195 8643279552 Watching for file changes with StatReloader
INFO 2025-04-09 03:49:20,952 basehttp 19195 6204239872 "GET /videos/ HTTP/1.1" 200 11625
